<?xml version="1.0" encoding="UTF-8"?>
<testng-results ignored="0" total="1" passed="1" failed="0" skipped="0">
  <reporter-output>
  </reporter-output>
  <suite started-at="2024-02-21T09:55:16 IST" name="Suite" finished-at="2024-02-21T09:55:33 IST" duration-ms="17312">
    <groups>
    </groups>
    <test started-at="2024-02-21T09:55:16 IST" name="Test" finished-at="2024-02-21T09:55:33 IST" duration-ms="17312">
      <class name="driverFactory.AppTest">
        <test-method signature="kickStart()[pri:0, instance:driverFactory.AppTest@5d534f5d]" started-at="2024-02-21T09:55:16 IST" name="kickStart" finished-at="2024-02-21T09:55:33 IST" duration-ms="17241" status="PASS">
          <reporter-output>
          </reporter-output>
        </test-method> <!-- kickStart -->
      </class> <!-- driverFactory.AppTest -->
    </test> <!-- Test -->
  </suite> <!-- Suite -->
</testng-results>
