<?xml version="1.0" encoding="UTF-8"?>
<testng-results ignored="0" total="1" passed="1" failed="0" skipped="0">
  <reporter-output>
    <line>
      <![CDATA[Stock-000000564     Stock-000000564]]>
    </line>
  </reporter-output>
  <suite started-at="2024-02-22T10:38:18 IST" name="Surefire suite" finished-at="2024-02-22T10:39:03 IST" duration-ms="45173">
    <groups>
    </groups>
    <test started-at="2024-02-22T10:38:18 IST" name="Surefire test" finished-at="2024-02-22T10:39:03 IST" duration-ms="45173">
      <class name="driverFactory.AppTest">
        <test-method signature="kickStart()[pri:0, instance:driverFactory.AppTest@4cc8eb05]" started-at="2024-02-22T10:38:18 IST" name="kickStart" finished-at="2024-02-22T10:39:03 IST" duration-ms="45079" status="PASS">
          <reporter-output>
            <line>
              <![CDATA[Stock-000000564     Stock-000000564]]>
            </line>
          </reporter-output>
        </test-method> <!-- kickStart -->
      </class> <!-- driverFactory.AppTest -->
    </test> <!-- Surefire test -->
  </suite> <!-- Surefire suite -->
</testng-results>
